::1 - - [13/Jun/2026 15:00:33] "GET / HTTP/1.1" 200 -
::1 - - [13/Jun/2026 15:00:33] "GET /assets/hero.jpg HTTP/1.1" 200 -
::1 - - [13/Jun/2026 15:00:33] "GET /styles.css HTTP/1.1" 200 -
::1 - - [13/Jun/2026 15:00:33] "GET /favicon.svg HTTP/1.1" 200 -
::1 - - [13/Jun/2026 15:00:36] "GET / HTTP/1.1" 200 -
::1 - - [13/Jun/2026 15:00:41] "GET /order.html HTTP/1.1" 200 -
::1 - - [13/Jun/2026 15:00:41] "GET /order-styles.css HTTP/1.1" 200 -
::1 - - [13/Jun/2026 15:00:41] "GET /order-script.js HTTP/1.1" 200 -
::1 - - [13/Jun/2026 15:03:14] "GET / HTTP/1.1" 200 -
::1 - - [13/Jun/2026 15:03:14] "GET /styles.css HTTP/1.1" 200 -
::1 - - [13/Jun/2026 15:03:30] "GET / HTTP/1.1" 200 -
::1 - - [13/Jun/2026 15:03:30] "GET /logo.png HTTP/1.1" 200 -
::1 - - [13/Jun/2026 15:03:30] "GET /styles.css HTTP/1.1" 200 -
::1 - - [13/Jun/2026 15:03:58] "GET / HTTP/1.1" 200 -
::1 - - [13/Jun/2026 15:03:58] "GET /logo.png HTTP/1.1" 304 -
::1 - - [13/Jun/2026 15:03:58] "GET /styles.css HTTP/1.1" 304 -
::1 - - [13/Jun/2026 15:03:59] "GET / HTTP/1.1" 200 -
::1 - - [13/Jun/2026 15:04:00] "GET / HTTP/1.1" 200 -
::1 - - [13/Jun/2026 15:04:03] "GET / HTTP/1.1" 200 -
::1 - - [13/Jun/2026 15:04:03] "GET /styles.css HTTP/1.1" 200 -
::1 - - [13/Jun/2026 15:04:04] "GET / HTTP/1.1" 200 -
::1 - - [13/Jun/2026 15:04:04] "GET /styles.css HTTP/1.1" 304 -
::1 - - [13/Jun/2026 15:04:05] "GET / HTTP/1.1" 200 -
::1 - - [13/Jun/2026 15:04:05] "GET /styles.css HTTP/1.1" 304 -
::1 - - [13/Jun/2026 15:04:06] "GET / HTTP/1.1" 200 -
::1 - - [13/Jun/2026 15:04:06] "GET /styles.css HTTP/1.1" 200 -
::1 - - [13/Jun/2026 15:04:11] "GET / HTTP/1.1" 200 -
::1 - - [13/Jun/2026 15:04:11] "GET /styles.css HTTP/1.1" 304 -
::1 - - [13/Jun/2026 15:04:11] "GET /logo.png HTTP/1.1" 304 -
::1 - - [13/Jun/2026 15:04:15] "GET / HTTP/1.1" 200 -
::1 - - [13/Jun/2026 15:04:15] "GET /styles.css HTTP/1.1" 304 -
::1 - - [13/Jun/2026 15:04:46] "GET / HTTP/1.1" 200 -
::1 - - [13/Jun/2026 15:04:46] "GET /logo.png HTTP/1.1" 304 -
::1 - - [13/Jun/2026 15:04:46] "GET /styles.css HTTP/1.1" 304 -
::1 - - [13/Jun/2026 15:04:48] "GET / HTTP/1.1" 200 -
::1 - - [13/Jun/2026 15:04:54] "GET / HTTP/1.1" 200 -
::1 - - [13/Jun/2026 15:04:54] "GET /styles.css HTTP/1.1" 200 -
::1 - - [13/Jun/2026 15:05:07] "GET / HTTP/1.1" 200 -
::1 - - [13/Jun/2026 15:05:07] "GET /logo.png HTTP/1.1" 304 -
::1 - - [13/Jun/2026 15:05:07] "GET /styles.css HTTP/1.1" 200 -
::1 - - [13/Jun/2026 15:05:09] "GET / HTTP/1.1" 200 -
::1 - - [13/Jun/2026 15:05:09] "GET /styles.css HTTP/1.1" 304 -
::1 - - [13/Jun/2026 15:05:09] "GET / HTTP/1.1" 200 -
::1 - - [13/Jun/2026 15:05:09] "GET /styles.css HTTP/1.1" 304 -
::1 - - [13/Jun/2026 15:05:58] "GET / HTTP/1.1" 200 -
::1 - - [13/Jun/2026 15:05:58] "GET /logo.png HTTP/1.1" 304 -
::1 - - [13/Jun/2026 15:05:58] "GET /styles.css HTTP/1.1" 200 -
::1 - - [13/Jun/2026 15:07:20] "GET / HTTP/1.1" 200 -
::1 - - [13/Jun/2026 15:07:20] "GET /logo.png HTTP/1.1" 200 -
::1 - - [13/Jun/2026 15:07:20] "GET /styles.css HTTP/1.1" 304 -
::1 - - [13/Jun/2026 15:07:33] "GET / HTTP/1.1" 200 -
::1 - - [13/Jun/2026 15:07:33] "GET /styles.css HTTP/1.1" 304 -
::1 - - [13/Jun/2026 15:07:33] "GET /logo.png HTTP/1.1" 304 -
::1 - - [13/Jun/2026 15:07:43] "GET / HTTP/1.1" 200 -
::1 - - [13/Jun/2026 15:07:43] "GET /styles.css HTTP/1.1" 304 -
::1 - - [13/Jun/2026 15:07:43] "GET /logo.png HTTP/1.1" 304 -
::1 - - [13/Jun/2026 15:07:46] "GET / HTTP/1.1" 200 -
::1 - - [13/Jun/2026 15:07:46] "GET /logo.png HTTP/1.1" 304 -
::1 - - [13/Jun/2026 15:07:49] "GET / HTTP/1.1" 200 -
::1 - - [13/Jun/2026 15:07:50] "GET / HTTP/1.1" 200 -
::1 - - [13/Jun/2026 15:07:50] "GET /logo.png HTTP/1.1" 304 -
::1 - - [13/Jun/2026 15:07:52] "GET / HTTP/1.1" 200 -
::1 - - [13/Jun/2026 15:07:52] "GET / HTTP/1.1" 200 -
::1 - - [13/Jun/2026 15:07:54] "GET / HTTP/1.1" 200 -
::1 - - [13/Jun/2026 15:07:54] "GET /logo.png HTTP/1.1" 304 -
::1 - - [13/Jun/2026 15:07:54] "GET /styles.css HTTP/1.1" 200 -
::1 - - [13/Jun/2026 15:08:04] "GET / HTTP/1.1" 200 -
::1 - - [13/Jun/2026 15:08:04] "GET /styles.css HTTP/1.1" 304 -
::1 - - [13/Jun/2026 15:08:04] "GET /logo.png HTTP/1.1" 304 -
::1 - - [13/Jun/2026 15:08:07] "GET / HTTP/1.1" 200 -
::1 - - [13/Jun/2026 15:08:07] "GET /styles.css HTTP/1.1" 200 -
::1 - - [13/Jun/2026 15:08:14] "GET / HTTP/1.1" 200 -
::1 - - [13/Jun/2026 15:08:14] "GET /styles.css HTTP/1.1" 304 -
::1 - - [13/Jun/2026 15:08:14] "GET /logo.png HTTP/1.1" 304 -
::1 - - [13/Jun/2026 15:08:18] "GET / HTTP/1.1" 200 -
::1 - - [13/Jun/2026 15:08:18] "GET /styles.css HTTP/1.1" 200 -
::1 - - [13/Jun/2026 15:08:44] "GET / HTTP/1.1" 200 -
::1 - - [13/Jun/2026 15:08:44] "GET /styles.css HTTP/1.1" 304 -
::1 - - [13/Jun/2026 15:08:44] "GET /logo.png HTTP/1.1" 304 -
::1 - - [13/Jun/2026 15:08:45] "GET / HTTP/1.1" 200 -
::1 - - [13/Jun/2026 15:09:19] "GET / HTTP/1.1" 200 -
::1 - - [13/Jun/2026 15:09:19] "GET /logo.png HTTP/1.1" 304 -
::1 - - [13/Jun/2026 15:09:19] "GET /styles.css HTTP/1.1" 200 -
::1 - - [13/Jun/2026 15:12:57] "GET / HTTP/1.1" 200 -
::1 - - [13/Jun/2026 15:12:57] "GET /styles.css HTTP/1.1" 304 -
::1 - - [13/Jun/2026 15:12:57] "GET /logo.png HTTP/1.1" 304 -
::1 - - [13/Jun/2026 15:13:01] "GET / HTTP/1.1" 200 -
::1 - - [13/Jun/2026 15:13:04] "GET / HTTP/1.1" 200 -
::1 - - [13/Jun/2026 15:13:14] "GET / HTTP/1.1" 200 -
::1 - - [13/Jun/2026 15:14:15] "GET / HTTP/1.1" 200 -
::1 - - [13/Jun/2026 15:14:15] "GET /logo.png HTTP/1.1" 304 -
::1 - - [13/Jun/2026 15:14:15] "GET /styles.css HTTP/1.1" 304 -
::1 - - [13/Jun/2026 15:14:32] "GET /order.html HTTP/1.1" 304 -
::1 - - [13/Jun/2026 15:14:32] "GET /order-styles.css HTTP/1.1" 304 -
::1 - - [13/Jun/2026 15:14:32] "GET /order-script.js HTTP/1.1" 304 -
::1 - - [13/Jun/2026 15:14:57] "GET / HTTP/1.1" 200 -
::1 - - [13/Jun/2026 15:14:57] "GET /styles.css HTTP/1.1" 304 -
::1 - - [13/Jun/2026 15:15:00] "GET / HTTP/1.1" 200 -
::1 - - [13/Jun/2026 15:15:00] "GET /logo.png HTTP/1.1" 304 -
::1 - - [13/Jun/2026 15:15:00] "GET / HTTP/1.1" 200 -
::1 - - [13/Jun/2026 15:15:01] "GET / HTTP/1.1" 200 -
::1 - - [13/Jun/2026 15:15:02] "GET / HTTP/1.1" 200 -
::1 - - [13/Jun/2026 15:15:06] "GET / HTTP/1.1" 200 -
::1 - - [13/Jun/2026 15:17:10] "GET / HTTP/1.1" 200 -
::1 - - [13/Jun/2026 15:17:10] "GET /logo.png HTTP/1.1" 304 -
::1 - - [13/Jun/2026 15:17:10] "GET /styles.css HTTP/1.1" 304 -
::1 - - [13/Jun/2026 15:18:38] "GET / HTTP/1.1" 200 -
::1 - - [13/Jun/2026 15:18:38] "GET /logo.png HTTP/1.1" 304 -
::1 - - [13/Jun/2026 15:18:38] "GET /styles.css HTTP/1.1" 304 -
::1 - - [13/Jun/2026 15:23:31] "GET / HTTP/1.1" 200 -
::1 - - [13/Jun/2026 15:23:31] "GET /menu-loader.js HTTP/1.1" 200 -
::1 - - [13/Jun/2026 15:23:31] "GET /styles.css HTTP/1.1" 304 -
::1 - - [13/Jun/2026 15:23:31] "GET /logo.png HTTP/1.1" 304 -
::1 - - [13/Jun/2026 15:23:35] "GET / HTTP/1.1" 304 -
::1 - - [13/Jun/2026 15:23:36] "GET /menu-loader.js HTTP/1.1" 304 -
::1 - - [13/Jun/2026 15:23:37] code 404, message File not found
::1 - - [13/Jun/2026 15:23:37] "GET /admin HTTP/1.1" 404 -
::1 - - [13/Jun/2026 15:23:37] code 404, message File not found
::1 - - [13/Jun/2026 15:23:37] "GET /favicon.ico HTTP/1.1" 404 -
::1 - - [13/Jun/2026 15:23:40] "GET /admin.html HTTP/1.1" 200 -
::1 - - [13/Jun/2026 15:23:40] "GET /admin-styles.css HTTP/1.1" 200 -
::1 - - [13/Jun/2026 15:23:40] "GET /admin-script.js HTTP/1.1" 200 -
::1 - - [13/Jun/2026 15:25:55] "GET /index.html HTTP/1.1" 200 -
::1 - - [13/Jun/2026 15:25:55] "GET /styles.css HTTP/1.1" 304 -
::1 - - [13/Jun/2026 15:25:55] "GET /logo.png HTTP/1.1" 304 -
::1 - - [13/Jun/2026 15:25:55] "GET /menu-loader.js HTTP/1.1" 304 -
::1 - - [13/Jun/2026 15:26:14] "GET /order.html HTTP/1.1" 304 -
::1 - - [13/Jun/2026 15:26:14] "GET /order-styles.css HTTP/1.1" 304 -
::1 - - [13/Jun/2026 15:26:14] "GET /order-script.js HTTP/1.1" 304 -
::1 - - [13/Jun/2026 15:29:55] "GET /order.html HTTP/1.1" 304 -
::1 - - [13/Jun/2026 15:29:55] "GET /styles.css HTTP/1.1" 304 -
::1 - - [13/Jun/2026 15:29:55] "GET /order-styles.css HTTP/1.1" 304 -
::1 - - [13/Jun/2026 15:29:55] "GET /order-script.js HTTP/1.1" 304 -
::1 - - [13/Jun/2026 15:29:58] "GET /index.html HTTP/1.1" 304 -
::1 - - [13/Jun/2026 15:29:58] "GET /menu-loader.js HTTP/1.1" 304 -
::1 - - [13/Jun/2026 15:29:58] "GET /logo.png HTTP/1.1" 304 -
::1 - - [13/Jun/2026 15:48:37] "GET / HTTP/1.1" 200 -
::1 - - [13/Jun/2026 15:48:37] "GET /styles.css HTTP/1.1" 200 -
::1 - - [13/Jun/2026 15:48:37] "GET /logo.png HTTP/1.1" 304 -
::1 - - [13/Jun/2026 15:48:37] "GET /menu-loader.js HTTP/1.1" 304 -
::1 - - [13/Jun/2026 15:49:50] "GET / HTTP/1.1" 200 -
::1 - - [13/Jun/2026 15:49:53] "GET / HTTP/1.1" 200 -
::1 - - [13/Jun/2026 15:50:24] "GET / HTTP/1.1" 200 -
::1 - - [13/Jun/2026 15:50:24] "GET /styles.css HTTP/1.1" 200 -
::1 - - [13/Jun/2026 15:50:34] "GET / HTTP/1.1" 200 -
::1 - - [13/Jun/2026 15:50:34] "GET /styles.css HTTP/1.1" 304 -
::1 - - [13/Jun/2026 15:50:35] "GET / HTTP/1.1" 200 -
::1 - - [13/Jun/2026 15:50:42] "GET / HTTP/1.1" 200 -
::1 - - [13/Jun/2026 15:50:42] "GET /styles.css HTTP/1.1" 200 -
::1 - - [13/Jun/2026 15:50:49] "GET / HTTP/1.1" 200 -
::1 - - [13/Jun/2026 15:50:49] "GET /styles.css HTTP/1.1" 304 -
::1 - - [13/Jun/2026 15:54:39] "GET / HTTP/1.1" 200 -
::1 - - [13/Jun/2026 15:54:39] "GET /styles.css HTTP/1.1" 200 -
::1 - - [13/Jun/2026 15:54:39] "GET /logo.png HTTP/1.1" 304 -
::1 - - [13/Jun/2026 15:54:39] "GET /menu-loader.js HTTP/1.1" 304 -
::1 - - [13/Jun/2026 15:55:09] "GET / HTTP/1.1" 200 -
::1 - - [13/Jun/2026 15:55:09] "GET /styles.css HTTP/1.1" 200 -
::1 - - [13/Jun/2026 15:55:17] "GET /styles.css HTTP/1.1" 304 -
::1 - - [13/Jun/2026 15:55:17] "GET /favicon.svg HTTP/1.1" 304 -
::1 - - [13/Jun/2026 15:55:17] "GET /assets/hero.jpg HTTP/1.1" 304 -
::1 - - [13/Jun/2026 15:55:17] "GET /logo.png HTTP/1.1" 304 -
::1 - - [13/Jun/2026 15:55:17] "GET /menu-loader.js HTTP/1.1" 304 -
::1 - - [13/Jun/2026 15:55:51] "GET /order.html HTTP/1.1" 304 -
::1 - - [13/Jun/2026 15:55:51] "GET /order-styles.css HTTP/1.1" 304 -
::1 - - [13/Jun/2026 15:55:51] "GET /order-script.js HTTP/1.1" 304 -
::1 - - [13/Jun/2026 15:55:51] "GET /styles.css HTTP/1.1" 200 -
::1 - - [13/Jun/2026 15:55:56] "GET / HTTP/1.1" 200 -
::1 - - [13/Jun/2026 15:55:56] "GET /styles.css HTTP/1.1" 304 -
::1 - - [13/Jun/2026 15:55:58] "GET / HTTP/1.1" 200 -
::1 - - [13/Jun/2026 15:55:58] "GET /styles.css HTTP/1.1" 304 -
::1 - - [13/Jun/2026 15:56:01] "GET / HTTP/1.1" 200 -
::1 - - [13/Jun/2026 15:56:01] "GET /styles.css HTTP/1.1" 304 -
::1 - - [13/Jun/2026 15:56:34] "GET / HTTP/1.1" 200 -
::1 - - [13/Jun/2026 15:56:34] "GET /styles.css HTTP/1.1" 200 -
::1 - - [13/Jun/2026 15:56:39] "GET / HTTP/1.1" 200 -
::1 - - [13/Jun/2026 15:56:39] "GET /styles.css HTTP/1.1" 304 -
::1 - - [13/Jun/2026 15:56:40] "GET / HTTP/1.1" 200 -
::1 - - [13/Jun/2026 15:57:15] "GET / HTTP/1.1" 200 -
::1 - - [13/Jun/2026 15:57:15] "GET /styles.css HTTP/1.1" 200 -
::1 - - [13/Jun/2026 15:58:01] "GET / HTTP/1.1" 200 -
::1 - - [13/Jun/2026 15:58:01] "GET /styles.css HTTP/1.1" 200 -
::1 - - [13/Jun/2026 16:00:34] "GET /styles.css HTTP/1.1" 304 -
::1 - - [13/Jun/2026 16:10:02] "GET /order.html HTTP/1.1" 200 -
::1 - - [13/Jun/2026 16:10:02] "GET /styles.css HTTP/1.1" 304 -
::1 - - [13/Jun/2026 16:10:02] "GET /order-styles.css HTTP/1.1" 304 -
::1 - - [13/Jun/2026 16:10:02] "GET /order-script.js HTTP/1.1" 304 -
::1 - - [13/Jun/2026 16:10:02] code 404, message File not found
::1 - - [13/Jun/2026 16:10:02] "GET /apple-touch-icon-precomposed.png HTTP/1.1" 404 -
::1 - - [13/Jun/2026 16:10:02] code 404, message File not found
::1 - - [13/Jun/2026 16:10:02] "GET /apple-touch-icon.png HTTP/1.1" 404 -
::1 - - [13/Jun/2026 16:10:14] "GET /order.html HTTP/1.1" 200 -
::1 - - [13/Jun/2026 16:10:15] "GET /order.html HTTP/1.1" 200 -
::1 - - [13/Jun/2026 16:11:38] "GET /order.html HTTP/1.1" 200 -
::1 - - [13/Jun/2026 16:11:38] "GET /styles.css HTTP/1.1" 304 -
::1 - - [13/Jun/2026 16:11:39] "GET /order.html HTTP/1.1" 200 -
::1 - - [13/Jun/2026 16:12:23] "GET /order.html HTTP/1.1" 200 -
::1 - - [13/Jun/2026 16:14:58] "GET /order.html HTTP/1.1" 200 -
::1 - - [13/Jun/2026 16:14:58] "GET /styles.css HTTP/1.1" 304 -
::1 - - [13/Jun/2026 16:14:59] "GET /order.html HTTP/1.1" 200 -
::1 - - [13/Jun/2026 16:15:59] "GET /order.html HTTP/1.1" 200 -
::1 - - [13/Jun/2026 16:16:00] "GET /order.html HTTP/1.1" 200 -
::1 - - [13/Jun/2026 16:16:01] "GET /order.html HTTP/1.1" 200 -
::1 - - [13/Jun/2026 16:16:37] "GET / HTTP/1.1" 304 -
::1 - - [13/Jun/2026 16:16:37] "GET /logo.png HTTP/1.1" 304 -
::1 - - [13/Jun/2026 16:16:37] "GET /menu-loader.js HTTP/1.1" 304 -
::1 - - [13/Jun/2026 16:16:41] "GET /order.html HTTP/1.1" 304 -
::1 - - [13/Jun/2026 16:16:41] "GET /styles.css HTTP/1.1" 304 -
::1 - - [13/Jun/2026 16:18:28] "GET /order.html HTTP/1.1" 304 -
::1 - - [13/Jun/2026 16:18:28] "GET /order-styles.css HTTP/1.1" 200 -
::1 - - [13/Jun/2026 16:18:28] "GET /order-script.js HTTP/1.1" 200 -
::1 - - [13/Jun/2026 16:18:33] "GET /index.html HTTP/1.1" 200 -
::1 - - [13/Jun/2026 16:18:39] "GET /styles.css HTTP/1.1" 304 -
::1 - - [13/Jun/2026 16:19:38] "GET /order.html HTTP/1.1" 304 -
::1 - - [13/Jun/2026 16:19:38] "GET /order-styles.css HTTP/1.1" 304 -
::1 - - [13/Jun/2026 16:19:38] "GET /order-script.js HTTP/1.1" 304 -
::1 - - [13/Jun/2026 16:29:17] "GET /order.html HTTP/1.1" 304 -
::1 - - [13/Jun/2026 16:29:17] "GET /order-styles.css HTTP/1.1" 304 -
::1 - - [13/Jun/2026 16:29:17] "GET /styles.css HTTP/1.1" 304 -
::1 - - [13/Jun/2026 16:29:17] "GET /order-script.js HTTP/1.1" 304 -
::1 - - [13/Jun/2026 16:29:26] "GET /index.html HTTP/1.1" 304 -
::1 - - [13/Jun/2026 16:29:26] "GET /logo.png HTTP/1.1" 304 -
::1 - - [13/Jun/2026 16:29:26] "GET /menu-loader.js HTTP/1.1" 304 -
::1 - - [13/Jun/2026 16:29:35] "GET /index.html HTTP/1.1" 200 -
::1 - - [13/Jun/2026 16:29:36] "GET /index.html HTTP/1.1" 200 -
::1 - - [13/Jun/2026 16:32:48] "GET /order.html HTTP/1.1" 200 -
::1 - - [13/Jun/2026 16:32:48] "GET /styles.css HTTP/1.1" 304 -
::1 - - [13/Jun/2026 16:32:48] "GET /order-styles.css HTTP/1.1" 304 -
::1 - - [13/Jun/2026 16:32:48] "GET /order-script.js HTTP/1.1" 200 -
::1 - - [13/Jun/2026 16:33:06] "GET /index.html HTTP/1.1" 200 -
::1 - - [13/Jun/2026 16:33:12] "GET /order.html HTTP/1.1" 304 -
::1 - - [13/Jun/2026 16:33:12] "GET /order-script.js HTTP/1.1" 304 -
::1 - - [13/Jun/2026 16:33:12] "GET /order-script.js HTTP/1.1" 304 -
::1 - - [13/Jun/2026 16:41:39] "GET /order.html HTTP/1.1" 200 -
::1 - - [13/Jun/2026 16:41:39] "GET /styles.css HTTP/1.1" 304 -
::1 - - [13/Jun/2026 16:41:39] "GET /order-styles.css HTTP/1.1" 304 -
::1 - - [13/Jun/2026 16:41:39] "GET /supabase-config.js HTTP/1.1" 200 -
::1 - - [13/Jun/2026 16:41:39] "GET /supabase-orders.js HTTP/1.1" 200 -
::1 - - [13/Jun/2026 16:41:39] "GET /order-script.js HTTP/1.1" 200 -
::1 - - [13/Jun/2026 16:42:04] "GET / HTTP/1.1" 200 -
::1 - - [13/Jun/2026 16:42:04] "GET /styles.css HTTP/1.1" 200 -
::1 - - [13/Jun/2026 16:42:04] "GET /assets/hero.jpg HTTP/1.1" 200 -
::1 - - [13/Jun/2026 16:42:04] "GET /logo.png HTTP/1.1" 200 -
::1 - - [13/Jun/2026 16:42:04] "GET /menu-loader.js HTTP/1.1" 200 -
::1 - - [13/Jun/2026 16:42:04] "GET /favicon.svg HTTP/1.1" 200 -
::1 - - [13/Jun/2026 16:42:08] "GET /order.html HTTP/1.1" 200 -
::1 - - [13/Jun/2026 16:42:08] "GET /order-styles.css HTTP/1.1" 200 -
::1 - - [13/Jun/2026 16:42:08] "GET /supabase-config.js HTTP/1.1" 200 -
::1 - - [13/Jun/2026 16:42:08] "GET /supabase-orders.js HTTP/1.1" 200 -
::1 - - [13/Jun/2026 16:42:08] "GET /order-script.js HTTP/1.1" 200 -
::1 - - [13/Jun/2026 16:42:20] "GET /admin.html HTTP/1.1" 200 -
::1 - - [13/Jun/2026 16:42:20] "GET /admin-script.js HTTP/1.1" 200 -
::1 - - [13/Jun/2026 16:42:20] "GET /admin-styles.css HTTP/1.1" 200 -
::1 - - [13/Jun/2026 16:42:20] "GET /supabase-config.js HTTP/1.1" 304 -
::1 - - [13/Jun/2026 16:44:01] "GET /admin.html HTTP/1.1" 304 -
::1 - - [13/Jun/2026 16:44:01] "GET /supabase-config.js HTTP/1.1" 304 -
::1 - - [13/Jun/2026 16:44:01] "GET /admin-styles.css HTTP/1.1" 304 -
::1 - - [13/Jun/2026 16:44:01] "GET /admin-script.js HTTP/1.1" 200 -
::1 - - [13/Jun/2026 16:44:01] "GET /supabase-orders.js HTTP/1.1" 304 -
::1 - - [13/Jun/2026 16:45:20] "GET /admin.html HTTP/1.1" 304 -
::1 - - [13/Jun/2026 16:45:20] "GET /admin-styles.css HTTP/1.1" 304 -
::1 - - [13/Jun/2026 16:45:20] "GET /supabase-orders.js HTTP/1.1" 304 -
::1 - - [13/Jun/2026 16:45:20] "GET /supabase-config.js HTTP/1.1" 304 -
::1 - - [13/Jun/2026 16:45:20] "GET /admin-script.js HTTP/1.1" 200 -
::1 - - [13/Jun/2026 16:46:00] "GET /index.html HTTP/1.1" 200 -
::1 - - [13/Jun/2026 16:47:05] "GET / HTTP/1.1" 304 -
::1 - - [13/Jun/2026 16:47:05] "GET /styles.css HTTP/1.1" 304 -
::1 - - [13/Jun/2026 16:47:07] "GET /order.html HTTP/1.1" 304 -
::1 - - [13/Jun/2026 16:47:07] "GET /order-styles.css HTTP/1.1" 304 -
::1 - - [13/Jun/2026 16:47:07] "GET /supabase-config.js HTTP/1.1" 304 -
::1 - - [13/Jun/2026 16:47:07] "GET /order-script.js HTTP/1.1" 304 -
::1 - - [13/Jun/2026 16:47:07] "GET /supabase-orders.js HTTP/1.1" 304 -
::1 - - [13/Jun/2026 16:47:42] "GET /order.html HTTP/1.1" 200 -
::1 - - [13/Jun/2026 16:47:42] "GET /styles.css HTTP/1.1" 304 -
::1 - - [13/Jun/2026 16:47:42] "GET /supabase-config.js HTTP/1.1" 304 -
::1 - - [13/Jun/2026 16:47:42] "GET /order-script.js HTTP/1.1" 304 -
::1 - - [13/Jun/2026 16:47:42] "GET /order-styles.css HTTP/1.1" 304 -
::1 - - [13/Jun/2026 16:47:42] "GET /supabase-orders.js HTTP/1.1" 304 -
::1 - - [13/Jun/2026 16:48:31] "GET /order.html HTTP/1.1" 200 -
::1 - - [13/Jun/2026 16:48:31] "GET /supabase-config.js HTTP/1.1" 304 -
::1 - - [13/Jun/2026 16:48:31] "GET /supabase-orders.js HTTP/1.1" 304 -
::1 - - [13/Jun/2026 16:48:31] "GET /order-script.js HTTP/1.1" 304 -
::1 - - [13/Jun/2026 16:50:11] "GET /order.html HTTP/1.1" 200 -
::1 - - [13/Jun/2026 16:50:11] "GET /supabase-orders.js HTTP/1.1" 304 -
::1 - - [13/Jun/2026 16:50:11] "GET /supabase-config.js HTTP/1.1" 304 -
::1 - - [13/Jun/2026 16:50:11] "GET /order-script.js HTTP/1.1" 304 -
::1 - - [13/Jun/2026 17:06:07] "GET /order.html HTTP/1.1" 200 -
::1 - - [13/Jun/2026 17:06:07] "GET /styles.css HTTP/1.1" 304 -
::1 - - [13/Jun/2026 17:06:07] "GET /order-script.js HTTP/1.1" 200 -
::1 - - [13/Jun/2026 17:06:07] "GET /supabase-config.js HTTP/1.1" 304 -
::1 - - [13/Jun/2026 17:06:07] "GET /supabase-orders.js HTTP/1.1" 304 -
::1 - - [13/Jun/2026 17:06:07] "GET /order-styles.css HTTP/1.1" 200 -
::1 - - [13/Jun/2026 17:08:10] "GET /order.html HTTP/1.1" 200 -
::1 - - [13/Jun/2026 17:08:10] "GET /order-styles.css HTTP/1.1" 304 -
::1 - - [13/Jun/2026 17:08:10] "GET /order-script.js HTTP/1.1" 200 -
::1 - - [13/Jun/2026 17:08:11] "GET /order.html HTTP/1.1" 200 -
::1 - - [13/Jun/2026 17:08:11] "GET /order-script.js HTTP/1.1" 304 -
::1 - - [13/Jun/2026 18:23:44] "GET /order.html HTTP/1.1" 200 -
::1 - - [13/Jun/2026 18:23:44] "GET /supabase-config.js HTTP/1.1" 304 -
::1 - - [13/Jun/2026 18:23:44] "GET /styles.css HTTP/1.1" 304 -
::1 - - [13/Jun/2026 18:23:44] "GET /order-styles.css HTTP/1.1" 200 -
::1 - - [13/Jun/2026 18:23:44] "GET /order-script.js HTTP/1.1" 200 -
::1 - - [13/Jun/2026 18:23:44] "GET /supabase-orders.js HTTP/1.1" 304 -
::1 - - [13/Jun/2026 18:46:29] "GET /order.html HTTP/1.1" 200 -
::1 - - [13/Jun/2026 18:46:29] "GET /styles.css HTTP/1.1" 304 -
::1 - - [13/Jun/2026 18:46:29] "GET /order-styles.css HTTP/1.1" 200 -
::1 - - [13/Jun/2026 18:46:29] "GET /order-script.js HTTP/1.1" 200 -
::1 - - [13/Jun/2026 18:46:29] "GET /supabase-orders.js HTTP/1.1" 200 -
::1 - - [13/Jun/2026 18:46:29] "GET /supabase-config.js HTTP/1.1" 304 -
::1 - - [13/Jun/2026 18:51:22] "GET /order.html HTTP/1.1" 200 -
::1 - - [13/Jun/2026 18:51:22] "GET /order-script.js HTTP/1.1" 200 -
::1 - - [13/Jun/2026 18:51:22] "GET /order-styles.css HTTP/1.1" 304 -
::1 - - [13/Jun/2026 18:51:22] "GET /order-styles.css HTTP/1.1" 304 -
::1 - - [13/Jun/2026 18:51:22] "GET /supabase-orders.js HTTP/1.1" 304 -
::1 - - [13/Jun/2026 18:51:22] "GET /order-script.js HTTP/1.1" 200 -
::1 - - [13/Jun/2026 19:19:48] "GET /order.html HTTP/1.1" 200 -
::1 - - [13/Jun/2026 19:19:48] "GET /styles.css HTTP/1.1" 304 -
::1 - - [13/Jun/2026 19:19:48] "GET /order-styles.css HTTP/1.1" 200 -
::1 - - [13/Jun/2026 19:19:48] "GET /supabase-config.js HTTP/1.1" 304 -
::1 - - [13/Jun/2026 19:19:48] "GET /order-script.js HTTP/1.1" 304 -
::1 - - [13/Jun/2026 19:19:48] "GET /supabase-orders.js HTTP/1.1" 304 -
::1 - - [13/Jun/2026 19:52:15] "GET /order.html HTTP/1.1" 200 -
::1 - - [13/Jun/2026 19:52:15] "GET /styles.css HTTP/1.1" 304 -
::1 - - [13/Jun/2026 19:52:15] "GET /order-styles.css HTTP/1.1" 304 -
::1 - - [13/Jun/2026 19:52:15] "GET /supabase-orders.js HTTP/1.1" 304 -
::1 - - [13/Jun/2026 19:52:15] "GET /order-script.js HTTP/1.1" 304 -
::1 - - [13/Jun/2026 19:52:15] "GET /supabase-config.js HTTP/1.1" 304 -
::1 - - [13/Jun/2026 20:21:39] "GET /order.html HTTP/1.1" 200 -
::1 - - [13/Jun/2026 20:21:39] "GET /styles.css HTTP/1.1" 304 -
::1 - - [13/Jun/2026 20:21:39] "GET /order-script.js HTTP/1.1" 304 -
::1 - - [13/Jun/2026 20:21:39] "GET /supabase-config.js HTTP/1.1" 304 -
::1 - - [13/Jun/2026 20:21:39] "GET /supabase-orders.js HTTP/1.1" 304 -
::1 - - [13/Jun/2026 20:21:39] "GET /order-styles.css HTTP/1.1" 200 -
::1 - - [13/Jun/2026 20:33:03] "GET /order.html HTTP/1.1" 200 -
::1 - - [13/Jun/2026 20:33:03] "GET /order-styles.css HTTP/1.1" 200 -
::1 - - [13/Jun/2026 20:33:03] "GET /supabase-orders.js HTTP/1.1" 304 -
::1 - - [13/Jun/2026 20:33:03] "GET /order-script.js HTTP/1.1" 304 -
::1 - - [13/Jun/2026 20:33:15] "GET / HTTP/1.1" 200 -
::1 - - [13/Jun/2026 20:33:15] "GET /assets/hero.jpg HTTP/1.1" 304 -
::1 - - [13/Jun/2026 20:33:15] "GET /logo.png HTTP/1.1" 304 -
::1 - - [13/Jun/2026 20:33:15] "GET /menu-loader.js HTTP/1.1" 304 -
::1 - - [14/Jun/2026 21:13:38] "GET /order.html HTTP/1.1" 304 -
::1 - - [14/Jun/2026 21:13:38] "GET /order-styles.css HTTP/1.1" 304 -
::1 - - [14/Jun/2026 21:13:38] "GET /order-script.js HTTP/1.1" 304 -
::1 - - [14/Jun/2026 21:13:38] "GET /styles.css HTTP/1.1" 304 -
::1 - - [14/Jun/2026 21:13:38] "GET /order-styles.css HTTP/1.1" 304 -
::1 - - [14/Jun/2026 21:13:38] "GET /order-script.js HTTP/1.1" 304 -
::1 - - [14/Jun/2026 21:13:38] "GET /supabase-config.js HTTP/1.1" 304 -
::1 - - [14/Jun/2026 21:13:38] "GET /supabase-orders.js HTTP/1.1" 304 -
::1 - - [14/Jun/2026 21:14:03] "GET /index.html HTTP/1.1" 304 -
::1 - - [14/Jun/2026 21:14:03] "GET /menu-loader.js HTTP/1.1" 304 -
::1 - - [14/Jun/2026 21:14:03] "GET /logo.png HTTP/1.1" 304 -
